This is MetaPost, version 1.504 (kpathsea version 6.1.0)  17 AUG 2013 14:04
**rcaller.tex
(mpost.mp (/usr/share/texlive/texmf-dist/metapost/base/plain.mp
Preloading the plain mem file, version 1.004)) (./rcaller.tex
>> documentclass
>> a4paper-9.96262
! Not implemented: (unknown numeric)*(unknown numeric).
<to be read again> 
                   ]
l.1 \documentclass[10pt,a4paper]
                                {article}
I'm afraid I don't know how to apply that operation to that
combination of types. Continue, and I'll return the second
argument (see above) as the result of the operation.

>> a4paper
! Isolated expression.
<to be read again> 
                   {
l.1 \documentclass[10pt,a4paper]{
                                 article}
I couldn't find an `=' or `:=' after the
expression that is shown above this error message,
so I guess I'll just ignore it and carry on.

! Extra tokens will be flushed.
<to be read again> 
                   {
l.1 \documentclass[10pt,a4paper]{
                                 article}
I've just read as much of that statement as I could fathom,
so a semicolon should have been next. It's very puzzling...
but I'll try to get myself back together, by ignoring
everything up to the next `;'. Please insert a semicolon
now in front of anything that you don't want me to delete.
(See Chapter 27 of The METAFONTbook for an example.)

! Extra tokens will be flushed.
<to be read again> 
                   (
l.81 RCode code = new RCode(
                            );
I've just read as much of that statement as I could fathom,
so a semicolon should have been next. It's very puzzling...
but I'll try to get myself back together, by ignoring
everything up to the next `;'. Please insert a semicolon
now in front of anything that you don't want me to delete.
(See Chapter 27 of The METAFONTbook for an example.)

! An expression can't begin with `]'.
<inserted text> 
                0
<to be read again> 
                   ]
l.82 double[]
              xvector = new double[]{1,3,5,3,2,4};
I'm afraid I need some sort of value in order to continue,
so I've tentatively inserted `0'. You may want to
delete this zero and insert something else;
see Chapter 27 of The METAFONTbook for an example.

! An expression can't begin with `]'.
<inserted text> 
                0
<to be read again> 
                   ]
l.82 double[] xvector = new double[]
                                    {1,3,5,3,2,4};
I'm afraid I need some sort of value in order to continue,
so I've tentatively inserted `0'. You may want to
delete this zero and insert something else;
see Chapter 27 of The METAFONTbook for an example.

! Extra tokens will be flushed.
<to be read again> 
                   {
l.82 double[] xvector = new double[]{
                                     1,3,5,3,2,4};
I've just read as much of that statement as I could fathom,
so a semicolon should have been next. It's very puzzling...
but I'll try to get myself back together, by ignoring
everything up to the next `;'. Please insert a semicolon
now in front of anything that you don't want me to delete.
(See Chapter 27 of The METAFONTbook for an example.)

! An expression can't begin with `]'.
<inserted text> 
                0
<to be read again> 
                   ]
l.83 double[]
              yvector = new double[]{6,7,5,6,5,6};
I'm afraid I need some sort of value in order to continue,
so I've tentatively inserted `0'. You may want to
delete this zero and insert something else;
see Chapter 27 of The METAFONTbook for an example.

! An expression can't begin with `]'.
<inserted text> 
                0
<to be read again> 
                   ]
l.83 double[] yvector = new double[]
                                    {6,7,5,6,5,6};
I'm afraid I need some sort of value in order to continue,
so I've tentatively inserted `0'. You may want to
delete this zero and insert something else;
see Chapter 27 of The METAFONTbook for an example.

! Extra tokens will be flushed.
<to be read again> 
                   {
l.83 double[] yvector = new double[]{
                                     6,7,5,6,5,6};
I've just read as much of that statement as I could fathom,
so a semicolon should have been next. It's very puzzling...
but I'll try to get myself back together, by ignoring
everything up to the next `;'. Please insert a semicolon
now in front of anything that you don't want me to delete.
(See Chapter 27 of The METAFONTbook for an example.)

>> caller.setRscriptExecutable
! Isolated expression.
<to be read again> 
                   (
l.85 caller.setRscriptExecutable(
                                 "/usr/bin/Rscript");
I couldn't find an `=' or `:=' after the
expression that is shown above this error message,
so I guess I'll just ignore it and carry on.

! Extra tokens will be flushed.
<to be read again> 
                   (
l.85 caller.setRscriptExecutable(
                                 "/usr/bin/Rscript");
I've just read as much of that statement as I could fathom,
so a semicolon should have been next. It's very puzzling...
but I'll try to get myself back together, by ignoring
everything up to the next `;'. Please insert a semicolon
now in front of anything that you don't want me to delete.
(See Chapter 27 of The METAFONTbook for an example.)

>> code.addDoubleArray
! Isolated expression.
<to be read again> 
                   (
l.87 code.addDoubleArray(
                         "X", xvector);
I couldn't find an `=' or `:=' after the
expression that is shown above this error message,
so I guess I'll just ignore it and carry on.

! Extra tokens will be flushed.
<to be read again> 
                   (
l.87 code.addDoubleArray(
                         "X", xvector);
I've just read as much of that statement as I could fathom,
so a semicolon should have been next. It's very puzzling...
but I'll try to get myself back together, by ignoring
everything up to the next `;'. Please insert a semicolon
now in front of anything that you don't want me to delete.
(See Chapter 27 of The METAFONTbook for an example.)

>> code.addDoubleArray
! Isolated expression.
<to be read again> 
                   (
l.88 code.addDoubleArray(
                         "Y", yvector);
I couldn't find an `=' or `:=' after the
expression that is shown above this error message,
so I guess I'll just ignore it and carry on.

! Extra tokens will be flushed.
<to be read again> 
                   (
l.88 code.addDoubleArray(
                         "Y", yvector);
I've just read as much of that statement as I could fathom,
so a semicolon should have been next. It's very puzzling...
but I'll try to get myself back together, by ignoring
everything up to the next `;'. Please insert a semicolon
now in front of anything that you don't want me to delete.
(See Chapter 27 of The METAFONTbook for an example.)

>> code.addRCode
! Isolated expression.
<to be read again> 
                   (
l.89 code.addRCode(
                   "ols <- lm ( Y ~ X )");
I couldn't find an `=' or `:=' after the
expression that is shown above this error message,
so I guess I'll just ignore it and carry on.

! Extra tokens will be flushed.
<to be read again> 
                   (
l.89 code.addRCode(
                   "ols <- lm ( Y ~ X )");
I've just read as much of that statement as I could fathom,
so a semicolon should have been next. It's very puzzling...
but I'll try to get myself back together, by ignoring
everything up to the next `;'. Please insert a semicolon
now in front of anything that you don't want me to delete.
(See Chapter 27 of The METAFONTbook for an example.)

>> caller.setRCode
! Isolated expression.
<to be read again> 
                   (
l.91 caller.setRCode(
                     code);
I couldn't find an `=' or `:=' after the
expression that is shown above this error message,
so I guess I'll just ignore it and carry on.

! Extra tokens will be flushed.
<to be read again> 
                   (
l.91 caller.setRCode(
                     code);
I've just read as much of that statement as I could fathom,
so a semicolon should have been next. It's very puzzling...
but I'll try to get myself back together, by ignoring
everything up to the next `;'. Please insert a semicolon
now in front of anything that you don't want me to delete.
(See Chapter 27 of The METAFONTbook for an example.)

>> caller.runAndReturnResult
! Isolated expression.
<to be read again> 
                   (
l.93 caller.runAndReturnResult(
                               "ols");
I couldn't find an `=' or `:=' after the
expression that is shown above this error message,
so I guess I'll just ignore it and carry on.

! Extra tokens will be flushed.
<to be read again> 
                   (
l.93 caller.runAndReturnResult(
                               "ols");
I've just read as much of that statement as I could fathom,
so a semicolon should have been next. It's very puzzling...
but I'll try to get myself back together, by ignoring
everything up to the next `;'. Please insert a semicolon
now in front of anything that you don't want me to delete.
(See Chapter 27 of The METAFONTbook for an example.)

! An expression can't begin with `]'.
<inserted text> 
                0
<to be read again> 
                   ]
l.95 double[]
              residuals = 
I'm afraid I need some sort of value in order to continue,
so I've tentatively inserted `0'. You may want to
delete this zero and insert something else;
see Chapter 27 of The METAFONTbook for an example.

! Extra tokens will be flushed.
<to be read again> 
                   (
l.96    caller.getParser(
                         ).
I've just read as much of that statement as I could fathom,
so a semicolon should have been next. It's very puzzling...
but I'll try to get myself back together, by ignoring
everything up to the next `;'. Please insert a semicolon
now in front of anything that you don't want me to delete.
(See Chapter 27 of The METAFONTbook for an example.)

 )
